<?xml version="1.0" encoding="UTF-8"?>
<!-- Generated by org.testng.reporters.JUnitReportReporter -->
<testsuite hostname="DESKTOP-KFCGKBL" failures="0" tests="2" name="ParallelTesting.Demo" time="4.046" errors="2" timestamp="2021-12-24T11:43:30 IST" skipped="0">
  <testcase classname="ParallelTesting.Demo" name="Test1" time="2.380">
    <error message="session not created: This version of ChromeDriver only supports Chrome version 94
Current browser version is 96.0.4664.110 with binary path C:\Program Files\Google\Chrome\Application\chrome.exe
Build info: version: &#039;3.141.59&#039;, revision: &#039;e82be7d358&#039;, time: &#039;2018-11-14T08:17:03&#039;
System info: host: &#039;DESKTOP-KFCGKBL&#039;, ip: &#039;192.168.194.240&#039;, os.name: &#039;Windows 10&#039;, os.arch: &#039;amd64&#039;, os.version: &#039;10.0&#039;, java.version: &#039;16.0.2&#039;
Driver info: driver.version: ChromeDriver
remote stacktrace: Backtrace:
	Ordinal0 [0x006FBDE3+2473443]
	Ordinal0 [0x00696661+2057825]
	Ordinal0 [0x005A2438+1057848]
	Ordinal0 [0x005C054A+1181002]
	Ordinal0 [0x005BC435+1164341]
	Ordinal0 [0x005B9CAF+1154223]
	Ordinal0 [0x005E9ADF+1350367]
	Ordinal0 [0x005E974A+1349450]
	Ordinal0 [0x005E55AB+1332651]
	Ordinal0 [0x005C2104+1188100]
	Ordinal0 [0x005C2F59+1191769]
	GetHandleVerifier [0x00882266+1549718]
	GetHandleVerifier [0x0092D4A7+2250711]
	GetHandleVerifier [0x0078718B+521403]
	GetHandleVerifier [0x00786229+517465]
	Ordinal0 [0x0069B79D+2078621]
	Ordinal0 [0x0069FB58+2095960]
	Ordinal0 [0x0069FC92+2096274]
	Ordinal0 [0x006A9541+2135361]
	BaseThreadInitThunk [0x76F0FA29+25]
	RtlGetAppContainerNamedObjectPath [0x77477A9E+286]
	RtlGetAppContainerNamedObjectPath [0x77477A6E+238]
" type="org.openqa.selenium.SessionNotCreatedException">
      <![CDATA[org.openqa.selenium.SessionNotCreatedException: session not created: This version of ChromeDriver only supports Chrome version 94
Current browser version is 96.0.4664.110 with binary path C:\Program Files\Google\Chrome\Application\chrome.exe
Build info: version: '3.141.59', revision: 'e82be7d358', time: '2018-11-14T08:17:03'
System info: host: 'DESKTOP-KFCGKBL', ip: '192.168.194.240', os.name: 'Windows 10', os.arch: 'amd64', os.version: '10.0', java.version: '16.0.2'
Driver info: driver.version: ChromeDriver
remote stacktrace: Backtrace:
Ordinal0 [0x006FBDE3+2473443]
Ordinal0 [0x00696661+2057825]
Ordinal0 [0x005A2438+1057848]
Ordinal0 [0x005C054A+1181002]
Ordinal0 [0x005BC435+1164341]
Ordinal0 [0x005B9CAF+1154223]
Ordinal0 [0x005E9ADF+1350367]
Ordinal0 [0x005E974A+1349450]
Ordinal0 [0x005E55AB+1332651]
Ordinal0 [0x005C2104+1188100]
Ordinal0 [0x005C2F59+1191769]
GetHandleVerifier [0x00882266+1549718]
GetHandleVerifier [0x0092D4A7+2250711]
GetHandleVerifier [0x0078718B+521403]
GetHandleVerifier [0x00786229+517465]
Ordinal0 [0x0069B79D+2078621]
Ordinal0 [0x0069FB58+2095960]
Ordinal0 [0x0069FC92+2096274]
Ordinal0 [0x006A9541+2135361]
BaseThreadInitThunk [0x76F0FA29+25]
RtlGetAppContainerNamedObjectPath [0x77477A9E+286]
RtlGetAppContainerNamedObjectPath [0x77477A6E+238]

at java.base/jdk.internal.reflect.NativeConstructorAccessorImpl.newInstance0(Native Method)
at java.base/jdk.internal.reflect.NativeConstructorAccessorImpl.newInstance(NativeConstructorAccessorImpl.java:78)
at java.base/jdk.internal.reflect.DelegatingConstructorAccessorImpl.newInstance(DelegatingConstructorAccessorImpl.java:45)
at java.base/java.lang.reflect.Constructor.newInstanceWithCaller(Constructor.java:499)
at java.base/java.lang.reflect.Constructor.newInstance(Constructor.java:480)
at org.openqa.selenium.remote.W3CHandshakeResponse.lambda$errorHandler$0(W3CHandshakeResponse.java:62)
at org.openqa.selenium.remote.HandshakeResponse.lambda$getResponseFunction$0(HandshakeResponse.java:30)
at org.openqa.selenium.remote.ProtocolHandshake.lambda$createSession$0(ProtocolHandshake.java:126)
at java.base/java.util.stream.ReferencePipeline$3$1.accept(ReferencePipeline.java:197)
at java.base/java.util.Spliterators$ArraySpliterator.tryAdvance(Spliterators.java:958)
at java.base/java.util.stream.ReferencePipeline.forEachWithCancel(ReferencePipeline.java:129)
at java.base/java.util.stream.AbstractPipeline.copyIntoWithCancel(AbstractPipeline.java:502)
at java.base/java.util.stream.AbstractPipeline.copyInto(AbstractPipeline.java:488)
at java.base/java.util.stream.AbstractPipeline.wrapAndCopyInto(AbstractPipeline.java:474)
at java.base/java.util.stream.FindOps$FindOp.evaluateSequential(FindOps.java:150)
at java.base/java.util.stream.AbstractPipeline.evaluate(AbstractPipeline.java:234)
at java.base/java.util.stream.ReferencePipeline.findFirst(ReferencePipeline.java:647)
at org.openqa.selenium.remote.ProtocolHandshake.createSession(ProtocolHandshake.java:128)
at org.openqa.selenium.remote.ProtocolHandshake.createSession(ProtocolHandshake.java:74)
at org.openqa.selenium.remote.HttpCommandExecutor.execute(HttpCommandExecutor.java:136)
at org.openqa.selenium.remote.service.DriverCommandExecutor.execute(DriverCommandExecutor.java:83)
at org.openqa.selenium.remote.RemoteWebDriver.execute(RemoteWebDriver.java:552)
at org.openqa.selenium.remote.RemoteWebDriver.startSession(RemoteWebDriver.java:213)
at org.openqa.selenium.remote.RemoteWebDriver.<init>(RemoteWebDriver.java:131)
at org.openqa.selenium.chrome.ChromeDriver.<init>(ChromeDriver.java:181)
at org.openqa.selenium.chrome.ChromeDriver.<init>(ChromeDriver.java:168)
at org.openqa.selenium.chrome.ChromeDriver.<init>(ChromeDriver.java:123)
at ParallelTesting.Demo.Test1(Demo.java:16)
at java.base/jdk.internal.reflect.NativeMethodAccessorImpl.invoke0(Native Method)
at java.base/jdk.internal.reflect.NativeMethodAccessorImpl.invoke(NativeMethodAccessorImpl.java:78)
at java.base/jdk.internal.reflect.DelegatingMethodAccessorImpl.invoke(DelegatingMethodAccessorImpl.java:43)
at java.base/java.lang.reflect.Method.invoke(Method.java:567)
at org.testng.internal.MethodInvocationHelper.invokeMethod(MethodInvocationHelper.java:133)
at org.testng.internal.TestInvoker.invokeMethod(TestInvoker.java:598)
at org.testng.internal.TestInvoker.invokeTestMethod(TestInvoker.java:173)
at org.testng.internal.MethodRunner.runInSequence(MethodRunner.java:46)
at org.testng.internal.TestInvoker$MethodInvocationAgent.invoke(TestInvoker.java:824)
at org.testng.internal.TestInvoker.invokeTestMethods(TestInvoker.java:146)
at org.testng.internal.TestMethodWorker.invokeTestMethods(TestMethodWorker.java:146)
at org.testng.internal.TestMethodWorker.run(TestMethodWorker.java:128)
at java.base/java.util.concurrent.ThreadPoolExecutor.runWorker(ThreadPoolExecutor.java:1130)
at java.base/java.util.concurrent.ThreadPoolExecutor$Worker.run(ThreadPoolExecutor.java:630)
at java.base/java.lang.Thread.run(Thread.java:831)
]]>
    </error>
  </testcase> <!-- Test1 -->
  <system-out/>
  <testcase classname="ParallelTesting.Demo" name="Test2" time="1.666">
    <error message="session not created: This version of ChromeDriver only supports Chrome version 94
Current browser version is 96.0.4664.110 with binary path C:\Program Files\Google\Chrome\Application\chrome.exe
Build info: version: &#039;3.141.59&#039;, revision: &#039;e82be7d358&#039;, time: &#039;2018-11-14T08:17:03&#039;
System info: host: &#039;DESKTOP-KFCGKBL&#039;, ip: &#039;192.168.194.240&#039;, os.name: &#039;Windows 10&#039;, os.arch: &#039;amd64&#039;, os.version: &#039;10.0&#039;, java.version: &#039;16.0.2&#039;
Driver info: driver.version: ChromeDriver
remote stacktrace: Backtrace:
	Ordinal0 [0x006FBDE3+2473443]
	Ordinal0 [0x00696661+2057825]
	Ordinal0 [0x005A2438+1057848]
	Ordinal0 [0x005C054A+1181002]
	Ordinal0 [0x005BC435+1164341]
	Ordinal0 [0x005B9CAF+1154223]
	Ordinal0 [0x005E9ADF+1350367]
	Ordinal0 [0x005E974A+1349450]
	Ordinal0 [0x005E55AB+1332651]
	Ordinal0 [0x005C2104+1188100]
	Ordinal0 [0x005C2F59+1191769]
	GetHandleVerifier [0x00882266+1549718]
	GetHandleVerifier [0x0092D4A7+2250711]
	GetHandleVerifier [0x0078718B+521403]
	GetHandleVerifier [0x00786229+517465]
	Ordinal0 [0x0069B79D+2078621]
	Ordinal0 [0x0069FB58+2095960]
	Ordinal0 [0x0069FC92+2096274]
	Ordinal0 [0x006A9541+2135361]
	BaseThreadInitThunk [0x76F0FA29+25]
	RtlGetAppContainerNamedObjectPath [0x77477A9E+286]
	RtlGetAppContainerNamedObjectPath [0x77477A6E+238]
" type="org.openqa.selenium.SessionNotCreatedException">
      <![CDATA[org.openqa.selenium.SessionNotCreatedException: session not created: This version of ChromeDriver only supports Chrome version 94
Current browser version is 96.0.4664.110 with binary path C:\Program Files\Google\Chrome\Application\chrome.exe
Build info: version: '3.141.59', revision: 'e82be7d358', time: '2018-11-14T08:17:03'
System info: host: 'DESKTOP-KFCGKBL', ip: '192.168.194.240', os.name: 'Windows 10', os.arch: 'amd64', os.version: '10.0', java.version: '16.0.2'
Driver info: driver.version: ChromeDriver
remote stacktrace: Backtrace:
Ordinal0 [0x006FBDE3+2473443]
Ordinal0 [0x00696661+2057825]
Ordinal0 [0x005A2438+1057848]
Ordinal0 [0x005C054A+1181002]
Ordinal0 [0x005BC435+1164341]
Ordinal0 [0x005B9CAF+1154223]
Ordinal0 [0x005E9ADF+1350367]
Ordinal0 [0x005E974A+1349450]
Ordinal0 [0x005E55AB+1332651]
Ordinal0 [0x005C2104+1188100]
Ordinal0 [0x005C2F59+1191769]
GetHandleVerifier [0x00882266+1549718]
GetHandleVerifier [0x0092D4A7+2250711]
GetHandleVerifier [0x0078718B+521403]
GetHandleVerifier [0x00786229+517465]
Ordinal0 [0x0069B79D+2078621]
Ordinal0 [0x0069FB58+2095960]
Ordinal0 [0x0069FC92+2096274]
Ordinal0 [0x006A9541+2135361]
BaseThreadInitThunk [0x76F0FA29+25]
RtlGetAppContainerNamedObjectPath [0x77477A9E+286]
RtlGetAppContainerNamedObjectPath [0x77477A6E+238]

at java.base/jdk.internal.reflect.NativeConstructorAccessorImpl.newInstance0(Native Method)
at java.base/jdk.internal.reflect.NativeConstructorAccessorImpl.newInstance(NativeConstructorAccessorImpl.java:78)
at java.base/jdk.internal.reflect.DelegatingConstructorAccessorImpl.newInstance(DelegatingConstructorAccessorImpl.java:45)
at java.base/java.lang.reflect.Constructor.newInstanceWithCaller(Constructor.java:499)
at java.base/java.lang.reflect.Constructor.newInstance(Constructor.java:480)
at org.openqa.selenium.remote.W3CHandshakeResponse.lambda$errorHandler$0(W3CHandshakeResponse.java:62)
at org.openqa.selenium.remote.HandshakeResponse.lambda$getResponseFunction$0(HandshakeResponse.java:30)
at org.openqa.selenium.remote.ProtocolHandshake.lambda$createSession$0(ProtocolHandshake.java:126)
at java.base/java.util.stream.ReferencePipeline$3$1.accept(ReferencePipeline.java:197)
at java.base/java.util.Spliterators$ArraySpliterator.tryAdvance(Spliterators.java:958)
at java.base/java.util.stream.ReferencePipeline.forEachWithCancel(ReferencePipeline.java:129)
at java.base/java.util.stream.AbstractPipeline.copyIntoWithCancel(AbstractPipeline.java:502)
at java.base/java.util.stream.AbstractPipeline.copyInto(AbstractPipeline.java:488)
at java.base/java.util.stream.AbstractPipeline.wrapAndCopyInto(AbstractPipeline.java:474)
at java.base/java.util.stream.FindOps$FindOp.evaluateSequential(FindOps.java:150)
at java.base/java.util.stream.AbstractPipeline.evaluate(AbstractPipeline.java:234)
at java.base/java.util.stream.ReferencePipeline.findFirst(ReferencePipeline.java:647)
at org.openqa.selenium.remote.ProtocolHandshake.createSession(ProtocolHandshake.java:128)
at org.openqa.selenium.remote.ProtocolHandshake.createSession(ProtocolHandshake.java:74)
at org.openqa.selenium.remote.HttpCommandExecutor.execute(HttpCommandExecutor.java:136)
at org.openqa.selenium.remote.service.DriverCommandExecutor.execute(DriverCommandExecutor.java:83)
at org.openqa.selenium.remote.RemoteWebDriver.execute(RemoteWebDriver.java:552)
at org.openqa.selenium.remote.RemoteWebDriver.startSession(RemoteWebDriver.java:213)
at org.openqa.selenium.remote.RemoteWebDriver.<init>(RemoteWebDriver.java:131)
at org.openqa.selenium.chrome.ChromeDriver.<init>(ChromeDriver.java:181)
at org.openqa.selenium.chrome.ChromeDriver.<init>(ChromeDriver.java:168)
at org.openqa.selenium.chrome.ChromeDriver.<init>(ChromeDriver.java:123)
at ParallelTesting.Demo.Test2(Demo.java:32)
at java.base/jdk.internal.reflect.NativeMethodAccessorImpl.invoke0(Native Method)
at java.base/jdk.internal.reflect.NativeMethodAccessorImpl.invoke(NativeMethodAccessorImpl.java:78)
at java.base/jdk.internal.reflect.DelegatingMethodAccessorImpl.invoke(DelegatingMethodAccessorImpl.java:43)
at java.base/java.lang.reflect.Method.invoke(Method.java:567)
at org.testng.internal.MethodInvocationHelper.invokeMethod(MethodInvocationHelper.java:133)
at org.testng.internal.TestInvoker.invokeMethod(TestInvoker.java:598)
at org.testng.internal.TestInvoker.invokeTestMethod(TestInvoker.java:173)
at org.testng.internal.MethodRunner.runInSequence(MethodRunner.java:46)
at org.testng.internal.TestInvoker$MethodInvocationAgent.invoke(TestInvoker.java:824)
at org.testng.internal.TestInvoker.invokeTestMethods(TestInvoker.java:146)
at org.testng.internal.TestMethodWorker.invokeTestMethods(TestMethodWorker.java:146)
at org.testng.internal.TestMethodWorker.run(TestMethodWorker.java:128)
at java.base/java.util.concurrent.ThreadPoolExecutor.runWorker(ThreadPoolExecutor.java:1130)
at java.base/java.util.concurrent.ThreadPoolExecutor$Worker.run(ThreadPoolExecutor.java:630)
at java.base/java.lang.Thread.run(Thread.java:831)
]]>
    </error>
  </testcase> <!-- Test2 -->
  <system-out/>
</testsuite> <!-- ParallelTesting.Demo -->
